Determining if the pthread_create exist failed with the following output:
Change Dir: /home/jchen/workspace/src/rviz_plugins/build/CMakeFiles/CMakeTmp

Run Build Command:/usr/bin/make "cmTryCompileExec4221877292/fast"
make[1]: Entering directory `/home/jchen/workspace/src/rviz_plugins/build/CMakeFiles/CMakeTmp'
/usr/bin/make -f CMakeFiles/cmTryCompileExec4221877292.dir/build.make CMakeFiles/cmTryCompileExec4221877292.dir/build
make[2]: Entering directory `/home/jchen/workspace/src/rviz_plugins/build/CMakeFiles/CMakeTmp'
/usr/bin/cmake -E cmake_progress_report /home/jchen/workspace/src/rviz_plugins/build/CMakeFiles/CMakeTmp/CMakeFiles 1
Building C object CMakeFiles/cmTryCompileExec4221877292.dir/CheckSymbolExists.c.o
/usr/bin/cc    -o CMakeFiles/cmTryCompileExec4221877292.dir/CheckSymbolExists.c.o   -c /home/jchen/workspace/src/rviz_plugins/build/CMakeFiles/CMakeTmp/CheckSymbolExists.c
Linking C executable cmTryCompileExec4221877292
/usr/bin/cmake -E cmake_link_script CMakeFiles/cmTryCompileExec4221877292.dir/link.txt --verbose=1
/usr/bin/cc       CMakeFiles/cmTryCompileExec4221877292.dir/CheckSymbolExists.c.o  -o cmTryCompileExec4221877292 -rdynamic 
CMakeFiles/cmTryCompileExec4221877292.dir/CheckSymbolExists.c.o: In function `main':
CheckSymbolExists.c:(.text+0x16): undefined reference to `pthread_create'
collect2: error: ld returned 1 exit status
make[2]: *** [cmTryCompileExec4221877292] Error 1
make[2]: Leaving directory `/home/jchen/workspace/src/rviz_plugins/build/CMakeFiles/CMakeTmp'
make[1]: *** [cmTryCompileExec4221877292/fast] Error 2
make[1]: Leaving directory `/home/jchen/workspace/src/rviz_plugins/build/CMakeFiles/CMakeTmp'

File /home/jchen/workspace/src/rviz_plugins/build/CMakeFiles/CMakeTmp/CheckSymbolExists.c:
/* */
#include <pthread.h>

int main(int argc, char** argv)
{
  (void)argv;
#ifndef pthread_create
  return ((int*)(&pthread_create))[argc];
#else
  (void)argc;
  return 0;
#endif
}

Determining if the function pthread_create exists in the pthreads failed with the following output:
Change Dir: /home/jchen/workspace/src/rviz_plugins/build/CMakeFiles/CMakeTmp

Run Build Command:/usr/bin/make "cmTryCompileExec1021283690/fast"
make[1]: Entering directory `/home/jchen/workspace/src/rviz_plugins/build/CMakeFiles/CMakeTmp'
/usr/bin/make -f CMakeFiles/cmTryCompileExec1021283690.dir/build.make CMakeFiles/cmTryCompileExec1021283690.dir/build
make[2]: Entering directory `/home/jchen/workspace/src/rviz_plugins/build/CMakeFiles/CMakeTmp'
/usr/bin/cmake -E cmake_progress_report /home/jchen/workspace/src/rviz_plugins/build/CMakeFiles/CMakeTmp/CMakeFiles 1
Building C object CMakeFiles/cmTryCompileExec1021283690.dir/CheckFunctionExists.c.o
/usr/bin/cc   -DCHECK_FUNCTION_EXISTS=pthread_create   -o CMakeFiles/cmTryCompileExec1021283690.dir/CheckFunctionExists.c.o   -c /usr/share/cmake-2.8/Modules/CheckFunctionExists.c
Linking C executable cmTryCompileExec1021283690
/usr/bin/cmake -E cmake_link_script CMakeFiles/cmTryCompileExec1021283690.dir/link.txt --verbose=1
/usr/bin/cc   -DCHECK_FUNCTION_EXISTS=pthread_create    CMakeFiles/cmTryCompileExec1021283690.dir/CheckFunctionExists.c.o  -o cmTryCompileExec1021283690 -rdynamic -lpthreads 
/usr/bin/ld: cannot find -lpthreads
collect2: error: ld returned 1 exit status
make[2]: *** [cmTryCompileExec1021283690] Error 1
make[2]: Leaving directory `/home/jchen/workspace/src/rviz_plugins/build/CMakeFiles/CMakeTmp'
make[1]: *** [cmTryCompileExec1021283690/fast] Error 2
make[1]: Leaving directory `/home/jchen/workspace/src/rviz_plugins/build/CMakeFiles/CMakeTmp'


Determining if the Q_WS_WIN exist failed with the following output:
Change Dir: /home/jchen/workspace/src/rviz_plugins/build/CMakeFiles/CMakeTmp

Run Build Command:/usr/bin/make "cmTryCompileExec750601242/fast"
make[1]: Entering directory `/home/jchen/workspace/src/rviz_plugins/build/CMakeFiles/CMakeTmp'
/usr/bin/make -f CMakeFiles/cmTryCompileExec750601242.dir/build.make CMakeFiles/cmTryCompileExec750601242.dir/build
make[2]: Entering directory `/home/jchen/workspace/src/rviz_plugins/build/CMakeFiles/CMakeTmp'
/usr/bin/cmake -E cmake_progress_report /home/jchen/workspace/src/rviz_plugins/build/CMakeFiles/CMakeTmp/CMakeFiles 1
Building CXX object CMakeFiles/cmTryCompileExec750601242.dir/CheckSymbolExists.cxx.o
/usr/bin/c++    -I/usr/include/qt4    -o CMakeFiles/cmTryCompileExec750601242.dir/CheckSymbolExists.cxx.o -c /home/jchen/workspace/src/rviz_plugins/build/CMakeFiles/CMakeTmp/CheckSymbolExists.cxx
/home/jchen/workspace/src/rviz_plugins/build/CMakeFiles/CMakeTmp/CheckSymbolExists.cxx: In function ‘int main(int, char**)’:
/home/jchen/workspace/src/rviz_plugins/build/CMakeFiles/CMakeTmp/CheckSymbolExists.cxx:8:19: error: ‘Q_WS_WIN’ was not declared in this scope
   return ((int*)(&Q_WS_WIN))[argc];
                   ^
make[2]: *** [CMakeFiles/cmTryCompileExec750601242.dir/CheckSymbolExists.cxx.o] Error 1
make[2]: Leaving directory `/home/jchen/workspace/src/rviz_plugins/build/CMakeFiles/CMakeTmp'
make[1]: Leaving directory `/home/jchen/workspace/src/rviz_plugins/build/CMakeFiles/CMakeTmp'
make[1]: *** [cmTryCompileExec750601242/fast] Error 2

File /home/jchen/workspace/src/rviz_plugins/build/CMakeFiles/CMakeTmp/CheckSymbolExists.cxx:
/* */
#include <QtCore/qglobal.h>

int main(int argc, char** argv)
{
  (void)argv;
#ifndef Q_WS_WIN
  return ((int*)(&Q_WS_WIN))[argc];
#else
  (void)argc;
  return 0;
#endif
}

Determining if the Q_WS_QWS exist failed with the following output:
Change Dir: /home/jchen/workspace/src/rviz_plugins/build/CMakeFiles/CMakeTmp

Run Build Command:/usr/bin/make "cmTryCompileExec1306522953/fast"
make[1]: Entering directory `/home/jchen/workspace/src/rviz_plugins/build/CMakeFiles/CMakeTmp'
/usr/bin/make -f CMakeFiles/cmTryCompileExec1306522953.dir/build.make CMakeFiles/cmTryCompileExec1306522953.dir/build
make[2]: Entering directory `/home/jchen/workspace/src/rviz_plugins/build/CMakeFiles/CMakeTmp'
/usr/bin/cmake -E cmake_progress_report /home/jchen/workspace/src/rviz_plugins/build/CMakeFiles/CMakeTmp/CMakeFiles 1
Building CXX object CMakeFiles/cmTryCompileExec1306522953.dir/CheckSymbolExists.cxx.o
/usr/bin/c++    -I/usr/include/qt4    -o CMakeFiles/cmTryCompileExec1306522953.dir/CheckSymbolExists.cxx.o -c /home/jchen/workspace/src/rviz_plugins/build/CMakeFiles/CMakeTmp/CheckSymbolExists.cxx
/home/jchen/workspace/src/rviz_plugins/build/CMakeFiles/CMakeTmp/CheckSymbolExists.cxx: In function ‘int main(int, char**)’:
/home/jchen/workspace/src/rviz_plugins/build/CMakeFiles/CMakeTmp/CheckSymbolExists.cxx:8:19: error: ‘Q_WS_QWS’ was not declared in this scope
   return ((int*)(&Q_WS_QWS))[argc];
                   ^
make[2]: *** [CMakeFiles/cmTryCompileExec1306522953.dir/CheckSymbolExists.cxx.o] Error 1
make[2]: Leaving directory `/home/jchen/workspace/src/rviz_plugins/build/CMakeFiles/CMakeTmp'
make[1]: *** [cmTryCompileExec1306522953/fast] Error 2
make[1]: Leaving directory `/home/jchen/workspace/src/rviz_plugins/build/CMakeFiles/CMakeTmp'

File /home/jchen/workspace/src/rviz_plugins/build/CMakeFiles/CMakeTmp/CheckSymbolExists.cxx:
/* */
#include <QtCore/qglobal.h>

int main(int argc, char** argv)
{
  (void)argv;
#ifndef Q_WS_QWS
  return ((int*)(&Q_WS_QWS))[argc];
#else
  (void)argc;
  return 0;
#endif
}

Determining if the Q_WS_MAC exist failed with the following output:
Change Dir: /home/jchen/workspace/src/rviz_plugins/build/CMakeFiles/CMakeTmp

Run Build Command:/usr/bin/make "cmTryCompileExec3398189372/fast"
make[1]: Entering directory `/home/jchen/workspace/src/rviz_plugins/build/CMakeFiles/CMakeTmp'
/usr/bin/make -f CMakeFiles/cmTryCompileExec3398189372.dir/build.make CMakeFiles/cmTryCompileExec3398189372.dir/build
make[2]: Entering directory `/home/jchen/workspace/src/rviz_plugins/build/CMakeFiles/CMakeTmp'
/usr/bin/cmake -E cmake_progress_report /home/jchen/workspace/src/rviz_plugins/build/CMakeFiles/CMakeTmp/CMakeFiles 1
Building CXX object CMakeFiles/cmTryCompileExec3398189372.dir/CheckSymbolExists.cxx.o
/usr/bin/c++    -I/usr/include/qt4    -o CMakeFiles/cmTryCompileExec3398189372.dir/CheckSymbolExists.cxx.o -c /home/jchen/workspace/src/rviz_plugins/build/CMakeFiles/CMakeTmp/CheckSymbolExists.cxx
/home/jchen/workspace/src/rviz_plugins/build/CMakeFiles/CMakeTmp/CheckSymbolExists.cxx: In function ‘int main(int, char**)’:
/home/jchen/workspace/src/rviz_plugins/build/CMakeFiles/CMakeTmp/CheckSymbolExists.cxx:8:19: error: ‘Q_WS_MAC’ was not declared in this scope
   return ((int*)(&Q_WS_MAC))[argc];
                   ^
make[2]: Leaving directory `/home/jchen/workspace/src/rviz_plugins/build/CMakeFiles/CMakeTmp'
make[2]: *** [CMakeFiles/cmTryCompileExec3398189372.dir/CheckSymbolExists.cxx.o] Error 1
make[1]: *** [cmTryCompileExec3398189372/fast] Error 2
make[1]: Leaving directory `/home/jchen/workspace/src/rviz_plugins/build/CMakeFiles/CMakeTmp'

File /home/jchen/workspace/src/rviz_plugins/build/CMakeFiles/CMakeTmp/CheckSymbolExists.cxx:
/* */
#include <QtCore/qglobal.h>

int main(int argc, char** argv)
{
  (void)argv;
#ifndef Q_WS_MAC
  return ((int*)(&Q_WS_MAC))[argc];
#else
  (void)argc;
  return 0;
#endif
}

